

Version:	3.50
CmdLine:	C:\Users\Poluroslik M\IdeaProjects\JAVA_lab4b\out\artifacts\JAVA_lab4b_jar\window.exe --l4j-debug
JNI:		No
WOW64:		Yes
Working dir:	C:\Users\Poluroslik M\IdeaProjects\JAVA_lab4b\out\artifacts\JAVA_lab4b_jar\.
Requires JDK:	No
Requires 64-Bit: No
Java min ver:	
Java max ver:	
Substitute:	JAVA_HOME = 
Substitute:	PATH = C:\Program Files\Common Files\Oracle\Java\javapath;C:\Users\Poluroslik M\AppData\Local\Python\pythoncore-3.14-64\Scripts;C:\Windows\system32;C:\Windows;C:\Windows\System32\Wbem;C:\Windows\System32\WindowsPowerShell\v1.0\;C:\Windows\System32\OpenSSH\;C:\Program Files\Broadcom\Broadcom 802.11\Driver;C:\Program Files\dotnet\;C:\Program Files (x86)\NVIDIA Corporation\PhysX\Common;C:\Program Files (x86)\Windows Kits\10\Windows Performance Toolkit\;C:\Program Files\Git\cmd;C:\Program Files (x86)\Microsoft SQL Server\160\Tools\Binn\;C:\Program Files\Microsoft SQL Server\160\Tools\Binn\;C:\Program Files\Microsoft SQL Server\Client SDK\ODBC\170\Tools\Binn\;C:\Program Files\Microsoft SQL Server\160\DTS\Binn\;C:\Program Files\MySQL\MySQL Shell 8.0\bin\;C:\Users\Poluroslik M\AppData\Local\Programs\Python\Python312\Scripts\;C:\Users\Poluroslik M\AppData\Local\Programs\Python\Python312\;C:\Users\Poluroslik M\AppData\Local\Programs\Python\Launcher\;C:\Users\Poluroslik M\AppData\Local\Microsoft\WindowsApps;C:\Users\Poluroslik M\.dotnet\tools;C:\Users\Poluroslik M\AppData\Local\Python\bin;C:\Users\Poluroslik M\AppData\Local\Python\pythoncore-3.14-64\Scripts;D:\Users\Poluroslik M\AppData\Local\Programs\Microsoft VS Code\bin;C:\Program Files\Java\jre-1.8\bin
JRE paths:	;C:\Program Files\Common Files\Oracle\Java\javapath;C:\Users\Poluroslik M\AppData\Local\Python\pythoncore-3.14-64\Scripts;C:\Windows\system32;C:\Windows;C:\Windows\System32\Wbem;C:\Windows\System32\WindowsPowerShell\v1.0\;C:\Windows\System32\OpenSSH\;C:\Program Files\Broadcom\Broadcom 802.11\Driver;C:\Program Files\dotnet\;C:\Program Files (x86)\NVIDIA Corporation\PhysX\Common;C:\Program Files (x86)\Windows Kits\10\Windows Performance Toolkit\;C:\Program Files\Git\cmd;C:\Program Files (x86)\Microsoft SQL Server\160\Tools\Binn\;C:\Program Files\Microsoft SQL Server\160\Tools\Binn\;C:\Program Files\Microsoft SQL Server\Client SDK\ODBC\170\Tools\Binn\;C:\Program Files\Microsoft SQL Server\160\DTS\Binn\;C:\Program Files\MySQL\MySQL Shell 8.0\bin\;C:\Users\Poluroslik M\AppData\Local\Programs\Python\Python312\Scripts\;C:\Users\Poluroslik M\AppData\Local\Programs\Python\Python312\;C:\Users\Poluroslik M\AppData\Local\Programs\Python\Launcher\;C:\Users\Poluroslik M\AppData\Local\Microsoft\WindowsApps;C:\Users\Poluroslik M\.dotnet\tools;C:\Users\Poluroslik M\AppData\Local\Python\bin;C:\Users\Poluroslik M\AppData\Local\Python\pythoncore-3.14-64\Scripts;D:\Users\Poluroslik M\AppData\Local\Programs\Microsoft VS Code\bin;C:\Program Files\Java\jre-1.8\bin
Check launcher:	C:\Program Files\Common Files\Oracle\Java\javapath\bin\javaw.exe (not found)
Check launcher:	C:\Users\Poluroslik M\AppData\Local\Python\pythoncore-3.14-64\Scripts\bin\javaw.exe (not found)
Check launcher:	C:\Windows\system32\bin\javaw.exe (not found)
Check launcher:	C:\Windows\bin\javaw.exe (not found)
Check launcher:	C:\Windows\System32\Wbem\bin\javaw.exe (not found)
Check launcher:	C:\Windows\System32\WindowsPowerShell\v1.0\bin\javaw.exe (not found)
Check launcher:	C:\Windows\System32\OpenSSH\bin\javaw.exe (not found)
Check launcher:	C:\Program Files\Broadcom\Broadcom 802.11\Driver\bin\javaw.exe (not found)
Check launcher:	C:\Program Files\dotnet\bin\javaw.exe (not found)
Check launcher:	C:\Program Files (x86)\NVIDIA Corporation\PhysX\Common\bin\javaw.exe (not found)
Check launcher:	C:\Program Files (x86)\Windows Kits\10\Windows Performance Toolkit\bin\javaw.exe (not found)
Check launcher:	C:\Program Files\Git\cmd\bin\javaw.exe (not found)
Check launcher:	C:\Program Files (x86)\Microsoft SQL Server\160\Tools\Binn\bin\javaw.exe (not found)
Check launcher:	C:\Program Files\Microsoft SQL Server\160\Tools\Binn\bin\javaw.exe (not found)
Check launcher:	C:\Program Files\Microsoft SQL Server\Client SDK\ODBC\170\Tools\Binn\bin\javaw.exe (not found)
Check launcher:	C:\Program Files\Microsoft SQL Server\160\DTS\Binn\bin\javaw.exe (not found)
Check launcher:	C:\Program Files\MySQL\MySQL Shell 8.0\bin\bin\javaw.exe (not found)
Check launcher:	C:\Users\Poluroslik M\AppData\Local\Programs\Python\Python312\Scripts\bin\javaw.exe (not found)
Check launcher:	C:\Users\Poluroslik M\AppData\Local\Programs\Python\Python312\bin\javaw.exe (not found)
Check launcher:	C:\Users\Poluroslik M\AppData\Local\Programs\Python\Launcher\bin\javaw.exe (not found)
Check launcher:	C:\Users\Poluroslik M\AppData\Local\Microsoft\WindowsApps\bin\javaw.exe (not found)
Check launcher:	C:\Users\Poluroslik M\.dotnet\tools\bin\javaw.exe (not found)
Check launcher:	C:\Users\Poluroslik M\AppData\Local\Python\bin\javaw.exe (not found)
Check launcher:	C:\Users\Poluroslik M\AppData\Local\Python\pythoncore-3.14-64\Scripts\bin\javaw.exe (not found)
Check launcher:	D:\Users\Poluroslik M\AppData\Local\Programs\Microsoft VS Code\bin\javaw.exe (not found)
Check launcher:	C:\Program Files\Java\jre-1.8\bin\javaw.exe (OK)
Version string: 1.008.000_401 / 64-Bit (OK)
Launcher:	C:\Program Files\Java\jre-1.8\bin\javaw.exe
Launcher args:	-jar "C:\Users\Poluroslik M\IdeaProjects\JAVA_lab4b\out\artifacts\JAVA_lab4b_jar\window.exe"
Args length:	92/32768 chars
Exit code:	0


Version:	3.50
CmdLine:	C:\Users\Poluroslik M\IdeaProjects\JAVA_lab4b\out\artifacts\JAVA_lab4b_jar\window.exe --l4j-debug
JNI:		No
WOW64:		Yes
Working dir:	C:\Users\Poluroslik M\IdeaProjects\JAVA_lab4b\out\artifacts\JAVA_lab4b_jar\.
Requires JDK:	No
Requires 64-Bit: Yes
Java min ver:	1.025.000
Java max ver:	1.026.000
Substitute:	JAVA_HOME = 
Substitute:	PATH = C:\Program Files\Common Files\Oracle\Java\javapath;C:\Users\Poluroslik M\AppData\Local\Python\pythoncore-3.14-64\Scripts;C:\Windows\system32;C:\Windows;C:\Windows\System32\Wbem;C:\Windows\System32\WindowsPowerShell\v1.0\;C:\Windows\System32\OpenSSH\;C:\Program Files\Broadcom\Broadcom 802.11\Driver;C:\Program Files\dotnet\;C:\Program Files (x86)\NVIDIA Corporation\PhysX\Common;C:\Program Files (x86)\Windows Kits\10\Windows Performance Toolkit\;C:\Program Files\Git\cmd;C:\Program Files (x86)\Microsoft SQL Server\160\Tools\Binn\;C:\Program Files\Microsoft SQL Server\160\Tools\Binn\;C:\Program Files\Microsoft SQL Server\Client SDK\ODBC\170\Tools\Binn\;C:\Program Files\Microsoft SQL Server\160\DTS\Binn\;C:\Program Files\MySQL\MySQL Shell 8.0\bin\;C:\Users\Poluroslik M\AppData\Local\Programs\Python\Python312\Scripts\;C:\Users\Poluroslik M\AppData\Local\Programs\Python\Python312\;C:\Users\Poluroslik M\AppData\Local\Programs\Python\Launcher\;C:\Users\Poluroslik M\AppData\Local\Microsoft\WindowsApps;C:\Users\Poluroslik M\.dotnet\tools;C:\Users\Poluroslik M\AppData\Local\Python\bin;C:\Users\Poluroslik M\AppData\Local\Python\pythoncore-3.14-64\Scripts;D:\Users\Poluroslik M\AppData\Local\Programs\Microsoft VS Code\bin;C:\Program Files\Java\jre-1.8\bin
JRE paths:	;C:\Program Files\Common Files\Oracle\Java\javapath;C:\Users\Poluroslik M\AppData\Local\Python\pythoncore-3.14-64\Scripts;C:\Windows\system32;C:\Windows;C:\Windows\System32\Wbem;C:\Windows\System32\WindowsPowerShell\v1.0\;C:\Windows\System32\OpenSSH\;C:\Program Files\Broadcom\Broadcom 802.11\Driver;C:\Program Files\dotnet\;C:\Program Files (x86)\NVIDIA Corporation\PhysX\Common;C:\Program Files (x86)\Windows Kits\10\Windows Performance Toolkit\;C:\Program Files\Git\cmd;C:\Program Files (x86)\Microsoft SQL Server\160\Tools\Binn\;C:\Program Files\Microsoft SQL Server\160\Tools\Binn\;C:\Program Files\Microsoft SQL Server\Client SDK\ODBC\170\Tools\Binn\;C:\Program Files\Microsoft SQL Server\160\DTS\Binn\;C:\Program Files\MySQL\MySQL Shell 8.0\bin\;C:\Users\Poluroslik M\AppData\Local\Programs\Python\Python312\Scripts\;C:\Users\Poluroslik M\AppData\Local\Programs\Python\Python312\;C:\Users\Poluroslik M\AppData\Local\Programs\Python\Launcher\;C:\Users\Poluroslik M\AppData\Local\Microsoft\WindowsApps;C:\Users\Poluroslik M\.dotnet\tools;C:\Users\Poluroslik M\AppData\Local\Python\bin;C:\Users\Poluroslik M\AppData\Local\Python\pythoncore-3.14-64\Scripts;D:\Users\Poluroslik M\AppData\Local\Programs\Microsoft VS Code\bin;C:\Program Files\Java\jre-1.8\bin
Check launcher:	C:\Program Files\Common Files\Oracle\Java\javapath\bin\javaw.exe (not found)
Check launcher:	C:\Users\Poluroslik M\AppData\Local\Python\pythoncore-3.14-64\Scripts\bin\javaw.exe (not found)
Check launcher:	C:\Windows\system32\bin\javaw.exe (not found)
Check launcher:	C:\Windows\bin\javaw.exe (not found)
Check launcher:	C:\Windows\System32\Wbem\bin\javaw.exe (not found)
Check launcher:	C:\Windows\System32\WindowsPowerShell\v1.0\bin\javaw.exe (not found)
Check launcher:	C:\Windows\System32\OpenSSH\bin\javaw.exe (not found)
Check launcher:	C:\Program Files\Broadcom\Broadcom 802.11\Driver\bin\javaw.exe (not found)
Check launcher:	C:\Program Files\dotnet\bin\javaw.exe (not found)
Check launcher:	C:\Program Files (x86)\NVIDIA Corporation\PhysX\Common\bin\javaw.exe (not found)
Check launcher:	C:\Program Files (x86)\Windows Kits\10\Windows Performance Toolkit\bin\javaw.exe (not found)
Check launcher:	C:\Program Files\Git\cmd\bin\javaw.exe (not found)
Check launcher:	C:\Program Files (x86)\Microsoft SQL Server\160\Tools\Binn\bin\javaw.exe (not found)
Check launcher:	C:\Program Files\Microsoft SQL Server\160\Tools\Binn\bin\javaw.exe (not found)
Check launcher:	C:\Program Files\Microsoft SQL Server\Client SDK\ODBC\170\Tools\Binn\bin\javaw.exe (not found)
Check launcher:	C:\Program Files\Microsoft SQL Server\160\DTS\Binn\bin\javaw.exe (not found)
Check launcher:	C:\Program Files\MySQL\MySQL Shell 8.0\bin\bin\javaw.exe (not found)
Check launcher:	C:\Users\Poluroslik M\AppData\Local\Programs\Python\Python312\Scripts\bin\javaw.exe (not found)
Check launcher:	C:\Users\Poluroslik M\AppData\Local\Programs\Python\Python312\bin\javaw.exe (not found)
Check launcher:	C:\Users\Poluroslik M\AppData\Local\Programs\Python\Launcher\bin\javaw.exe (not found)
Check launcher:	C:\Users\Poluroslik M\AppData\Local\Microsoft\WindowsApps\bin\javaw.exe (not found)
Check launcher:	C:\Users\Poluroslik M\.dotnet\tools\bin\javaw.exe (not found)
Check launcher:	C:\Users\Poluroslik M\AppData\Local\Python\bin\javaw.exe (not found)
Check launcher:	C:\Users\Poluroslik M\AppData\Local\Python\pythoncore-3.14-64\Scripts\bin\javaw.exe (not found)
Check launcher:	D:\Users\Poluroslik M\AppData\Local\Programs\Microsoft VS Code\bin\javaw.exe (not found)
Check launcher:	C:\Program Files\Java\jre-1.8\bin\javaw.exe (OK)
Version string: 1.008.000_401 / 64-Bit (Ignore)
64-bit search:	SOFTWARE\JavaSoft\Java Runtime Environment...
Check:		SOFTWARE\JavaSoft\Java Runtime Environment\1.8
Version string: 1.008.000 / 64-Bit (Ignore)
Ignore:		1.008.000
Check:		SOFTWARE\JavaSoft\Java Runtime Environment\1.8.0_401
Version string: 1.008.000_401 / 64-Bit (Ignore)
Ignore:		1.008.000_401
64-bit search:	SOFTWARE\JavaSoft\Java Development Kit...
64-bit search:	SOFTWARE\JavaSoft\JRE...
64-bit search:	SOFTWARE\JavaSoft\JDK...
Check:		SOFTWARE\JavaSoft\JDK\25.0.1
Version string: 1.025.000_001 / 64-Bit (OK)
Check launcher:	C:\Program Files\Java\jdk-25\bin\javaw.exe (OK)
Match:		1.025.000_001
Runtime used:	1.025.000_001 (64-bit)
Launcher:	C:\Program Files\Java\jdk-25\bin\javaw.exe
Launcher args:	-jar "C:\Users\Poluroslik M\IdeaProjects\JAVA_lab4b\out\artifacts\JAVA_lab4b_jar\window.exe"
Args length:	92/32768 chars
Exit code:	0


Version:	3.50
CmdLine:	C:\Users\Poluroslik M\IdeaProjects\JAVA_lab4b\out\artifacts\JAVA_lab4b_jar\window.exe --l4j-debug
JNI:		No
WOW64:		Yes
Working dir:	C:\Users\Poluroslik M\IdeaProjects\JAVA_lab4b\out\artifacts\JAVA_lab4b_jar\.
Requires JDK:	No
Requires 64-Bit: Yes
Java min ver:	1.025.000
Java max ver:	1.026.000
Substitute:	JAVA_HOME = 
Substitute:	PATH = C:\Program Files\Common Files\Oracle\Java\javapath;C:\Users\Poluroslik M\AppData\Local\Python\pythoncore-3.14-64\Scripts;C:\Windows\system32;C:\Windows;C:\Windows\System32\Wbem;C:\Windows\System32\WindowsPowerShell\v1.0\;C:\Windows\System32\OpenSSH\;C:\Program Files\Broadcom\Broadcom 802.11\Driver;C:\Program Files\dotnet\;C:\Program Files (x86)\NVIDIA Corporation\PhysX\Common;C:\Program Files (x86)\Windows Kits\10\Windows Performance Toolkit\;C:\Program Files\Git\cmd;C:\Program Files (x86)\Microsoft SQL Server\160\Tools\Binn\;C:\Program Files\Microsoft SQL Server\160\Tools\Binn\;C:\Program Files\Microsoft SQL Server\Client SDK\ODBC\170\Tools\Binn\;C:\Program Files\Microsoft SQL Server\160\DTS\Binn\;C:\Program Files\MySQL\MySQL Shell 8.0\bin\;C:\Users\Poluroslik M\AppData\Local\Programs\Python\Python312\Scripts\;C:\Users\Poluroslik M\AppData\Local\Programs\Python\Python312\;C:\Users\Poluroslik M\AppData\Local\Programs\Python\Launcher\;C:\Users\Poluroslik M\AppData\Local\Microsoft\WindowsApps;C:\Users\Poluroslik M\.dotnet\tools;C:\Users\Poluroslik M\AppData\Local\Python\bin;C:\Users\Poluroslik M\AppData\Local\Python\pythoncore-3.14-64\Scripts;D:\Users\Poluroslik M\AppData\Local\Programs\Microsoft VS Code\bin;C:\Program Files\Java\jre-1.8\bin
JRE paths:	;C:\Program Files\Common Files\Oracle\Java\javapath;C:\Users\Poluroslik M\AppData\Local\Python\pythoncore-3.14-64\Scripts;C:\Windows\system32;C:\Windows;C:\Windows\System32\Wbem;C:\Windows\System32\WindowsPowerShell\v1.0\;C:\Windows\System32\OpenSSH\;C:\Program Files\Broadcom\Broadcom 802.11\Driver;C:\Program Files\dotnet\;C:\Program Files (x86)\NVIDIA Corporation\PhysX\Common;C:\Program Files (x86)\Windows Kits\10\Windows Performance Toolkit\;C:\Program Files\Git\cmd;C:\Program Files (x86)\Microsoft SQL Server\160\Tools\Binn\;C:\Program Files\Microsoft SQL Server\160\Tools\Binn\;C:\Program Files\Microsoft SQL Server\Client SDK\ODBC\170\Tools\Binn\;C:\Program Files\Microsoft SQL Server\160\DTS\Binn\;C:\Program Files\MySQL\MySQL Shell 8.0\bin\;C:\Users\Poluroslik M\AppData\Local\Programs\Python\Python312\Scripts\;C:\Users\Poluroslik M\AppData\Local\Programs\Python\Python312\;C:\Users\Poluroslik M\AppData\Local\Programs\Python\Launcher\;C:\Users\Poluroslik M\AppData\Local\Microsoft\WindowsApps;C:\Users\Poluroslik M\.dotnet\tools;C:\Users\Poluroslik M\AppData\Local\Python\bin;C:\Users\Poluroslik M\AppData\Local\Python\pythoncore-3.14-64\Scripts;D:\Users\Poluroslik M\AppData\Local\Programs\Microsoft VS Code\bin;C:\Program Files\Java\jre-1.8\bin
Check launcher:	C:\Program Files\Common Files\Oracle\Java\javapath\bin\javaw.exe (not found)
Check launcher:	C:\Users\Poluroslik M\AppData\Local\Python\pythoncore-3.14-64\Scripts\bin\javaw.exe (not found)
Check launcher:	C:\Windows\system32\bin\javaw.exe (not found)
Check launcher:	C:\Windows\bin\javaw.exe (not found)
Check launcher:	C:\Windows\System32\Wbem\bin\javaw.exe (not found)
Check launcher:	C:\Windows\System32\WindowsPowerShell\v1.0\bin\javaw.exe (not found)
Check launcher:	C:\Windows\System32\OpenSSH\bin\javaw.exe (not found)
Check launcher:	C:\Program Files\Broadcom\Broadcom 802.11\Driver\bin\javaw.exe (not found)
Check launcher:	C:\Program Files\dotnet\bin\javaw.exe (not found)
Check launcher:	C:\Program Files (x86)\NVIDIA Corporation\PhysX\Common\bin\javaw.exe (not found)
Check launcher:	C:\Program Files (x86)\Windows Kits\10\Windows Performance Toolkit\bin\javaw.exe (not found)
Check launcher:	C:\Program Files\Git\cmd\bin\javaw.exe (not found)
Check launcher:	C:\Program Files (x86)\Microsoft SQL Server\160\Tools\Binn\bin\javaw.exe (not found)
Check launcher:	C:\Program Files\Microsoft SQL Server\160\Tools\Binn\bin\javaw.exe (not found)
Check launcher:	C:\Program Files\Microsoft SQL Server\Client SDK\ODBC\170\Tools\Binn\bin\javaw.exe (not found)
Check launcher:	C:\Program Files\Microsoft SQL Server\160\DTS\Binn\bin\javaw.exe (not found)
Check launcher:	C:\Program Files\MySQL\MySQL Shell 8.0\bin\bin\javaw.exe (not found)
Check launcher:	C:\Users\Poluroslik M\AppData\Local\Programs\Python\Python312\Scripts\bin\javaw.exe (not found)
Check launcher:	C:\Users\Poluroslik M\AppData\Local\Programs\Python\Python312\bin\javaw.exe (not found)
Check launcher:	C:\Users\Poluroslik M\AppData\Local\Programs\Python\Launcher\bin\javaw.exe (not found)
Check launcher:	C:\Users\Poluroslik M\AppData\Local\Microsoft\WindowsApps\bin\javaw.exe (not found)
Check launcher:	C:\Users\Poluroslik M\.dotnet\tools\bin\javaw.exe (not found)
Check launcher:	C:\Users\Poluroslik M\AppData\Local\Python\bin\javaw.exe (not found)
Check launcher:	C:\Users\Poluroslik M\AppData\Local\Python\pythoncore-3.14-64\Scripts\bin\javaw.exe (not found)
Check launcher:	D:\Users\Poluroslik M\AppData\Local\Programs\Microsoft VS Code\bin\javaw.exe (not found)
Check launcher:	C:\Program Files\Java\jre-1.8\bin\javaw.exe (OK)
Version string: 1.008.000_401 / 64-Bit (Ignore)
64-bit search:	SOFTWARE\JavaSoft\Java Runtime Environment...
Check:		SOFTWARE\JavaSoft\Java Runtime Environment\1.8
Version string: 1.008.000 / 64-Bit (Ignore)
Ignore:		1.008.000
Check:		SOFTWARE\JavaSoft\Java Runtime Environment\1.8.0_401
Version string: 1.008.000_401 / 64-Bit (Ignore)
Ignore:		1.008.000_401
64-bit search:	SOFTWARE\JavaSoft\Java Development Kit...
64-bit search:	SOFTWARE\JavaSoft\JRE...
64-bit search:	SOFTWARE\JavaSoft\JDK...
Check:		SOFTWARE\JavaSoft\JDK\25.0.1
Version string: 1.025.000_001 / 64-Bit (OK)
Check launcher:	C:\Program Files\Java\jdk-25\bin\javaw.exe (OK)
Match:		1.025.000_001
Runtime used:	1.025.000_001 (64-bit)
Launcher:	C:\Program Files\Java\jdk-25\bin\javaw.exe
Launcher args:	-jar "C:\Users\Poluroslik M\IdeaProjects\JAVA_lab4b\out\artifacts\JAVA_lab4b_jar\window.exe"
Args length:	92/32768 chars
Exit code:	0


Version:	3.50
CmdLine:	C:\Users\Poluroslik M\IdeaProjects\JAVA_lab4b\out\artifacts\JAVA_lab4b_jar\window.exe --l4j-debug
JNI:		No
WOW64:		Yes
Working dir:	C:\Users\Poluroslik M\IdeaProjects\JAVA_lab4b\out\artifacts\JAVA_lab4b_jar\.
Requires JDK:	No
Requires 64-Bit: Yes
Java min ver:	1.025.000
Java max ver:	1.026.000
Substitute:	JAVA_HOME = 
Substitute:	PATH = C:\Program Files\Common Files\Oracle\Java\javapath;C:\Users\Poluroslik M\AppData\Local\Python\pythoncore-3.14-64\Scripts;C:\Windows\system32;C:\Windows;C:\Windows\System32\Wbem;C:\Windows\System32\WindowsPowerShell\v1.0\;C:\Windows\System32\OpenSSH\;C:\Program Files\Broadcom\Broadcom 802.11\Driver;C:\Program Files\dotnet\;C:\Program Files (x86)\NVIDIA Corporation\PhysX\Common;C:\Program Files (x86)\Windows Kits\10\Windows Performance Toolkit\;C:\Program Files\Git\cmd;C:\Program Files (x86)\Microsoft SQL Server\160\Tools\Binn\;C:\Program Files\Microsoft SQL Server\160\Tools\Binn\;C:\Program Files\Microsoft SQL Server\Client SDK\ODBC\170\Tools\Binn\;C:\Program Files\Microsoft SQL Server\160\DTS\Binn\;C:\Program Files\MySQL\MySQL Shell 8.0\bin\;C:\Users\Poluroslik M\AppData\Local\Programs\Python\Python312\Scripts\;C:\Users\Poluroslik M\AppData\Local\Programs\Python\Python312\;C:\Users\Poluroslik M\AppData\Local\Programs\Python\Launcher\;C:\Users\Poluroslik M\AppData\Local\Microsoft\WindowsApps;C:\Users\Poluroslik M\.dotnet\tools;C:\Users\Poluroslik M\AppData\Local\Python\bin;C:\Users\Poluroslik M\AppData\Local\Python\pythoncore-3.14-64\Scripts;D:\Users\Poluroslik M\AppData\Local\Programs\Microsoft VS Code\bin;C:\Program Files\Java\jre-1.8\bin
JRE paths:	;C:\Program Files\Common Files\Oracle\Java\javapath;C:\Users\Poluroslik M\AppData\Local\Python\pythoncore-3.14-64\Scripts;C:\Windows\system32;C:\Windows;C:\Windows\System32\Wbem;C:\Windows\System32\WindowsPowerShell\v1.0\;C:\Windows\System32\OpenSSH\;C:\Program Files\Broadcom\Broadcom 802.11\Driver;C:\Program Files\dotnet\;C:\Program Files (x86)\NVIDIA Corporation\PhysX\Common;C:\Program Files (x86)\Windows Kits\10\Windows Performance Toolkit\;C:\Program Files\Git\cmd;C:\Program Files (x86)\Microsoft SQL Server\160\Tools\Binn\;C:\Program Files\Microsoft SQL Server\160\Tools\Binn\;C:\Program Files\Microsoft SQL Server\Client SDK\ODBC\170\Tools\Binn\;C:\Program Files\Microsoft SQL Server\160\DTS\Binn\;C:\Program Files\MySQL\MySQL Shell 8.0\bin\;C:\Users\Poluroslik M\AppData\Local\Programs\Python\Python312\Scripts\;C:\Users\Poluroslik M\AppData\Local\Programs\Python\Python312\;C:\Users\Poluroslik M\AppData\Local\Programs\Python\Launcher\;C:\Users\Poluroslik M\AppData\Local\Microsoft\WindowsApps;C:\Users\Poluroslik M\.dotnet\tools;C:\Users\Poluroslik M\AppData\Local\Python\bin;C:\Users\Poluroslik M\AppData\Local\Python\pythoncore-3.14-64\Scripts;D:\Users\Poluroslik M\AppData\Local\Programs\Microsoft VS Code\bin;C:\Program Files\Java\jre-1.8\bin
Check launcher:	C:\Program Files\Common Files\Oracle\Java\javapath\bin\javaw.exe (not found)
Check launcher:	C:\Users\Poluroslik M\AppData\Local\Python\pythoncore-3.14-64\Scripts\bin\javaw.exe (not found)
Check launcher:	C:\Windows\system32\bin\javaw.exe (not found)
Check launcher:	C:\Windows\bin\javaw.exe (not found)
Check launcher:	C:\Windows\System32\Wbem\bin\javaw.exe (not found)
Check launcher:	C:\Windows\System32\WindowsPowerShell\v1.0\bin\javaw.exe (not found)
Check launcher:	C:\Windows\System32\OpenSSH\bin\javaw.exe (not found)
Check launcher:	C:\Program Files\Broadcom\Broadcom 802.11\Driver\bin\javaw.exe (not found)
Check launcher:	C:\Program Files\dotnet\bin\javaw.exe (not found)
Check launcher:	C:\Program Files (x86)\NVIDIA Corporation\PhysX\Common\bin\javaw.exe (not found)
Check launcher:	C:\Program Files (x86)\Windows Kits\10\Windows Performance Toolkit\bin\javaw.exe (not found)
Check launcher:	C:\Program Files\Git\cmd\bin\javaw.exe (not found)
Check launcher:	C:\Program Files (x86)\Microsoft SQL Server\160\Tools\Binn\bin\javaw.exe (not found)
Check launcher:	C:\Program Files\Microsoft SQL Server\160\Tools\Binn\bin\javaw.exe (not found)
Check launcher:	C:\Program Files\Microsoft SQL Server\Client SDK\ODBC\170\Tools\Binn\bin\javaw.exe (not found)
Check launcher:	C:\Program Files\Microsoft SQL Server\160\DTS\Binn\bin\javaw.exe (not found)
Check launcher:	C:\Program Files\MySQL\MySQL Shell 8.0\bin\bin\javaw.exe (not found)
Check launcher:	C:\Users\Poluroslik M\AppData\Local\Programs\Python\Python312\Scripts\bin\javaw.exe (not found)
Check launcher:	C:\Users\Poluroslik M\AppData\Local\Programs\Python\Python312\bin\javaw.exe (not found)
Check launcher:	C:\Users\Poluroslik M\AppData\Local\Programs\Python\Launcher\bin\javaw.exe (not found)
Check launcher:	C:\Users\Poluroslik M\AppData\Local\Microsoft\WindowsApps\bin\javaw.exe (not found)
Check launcher:	C:\Users\Poluroslik M\.dotnet\tools\bin\javaw.exe (not found)
Check launcher:	C:\Users\Poluroslik M\AppData\Local\Python\bin\javaw.exe (not found)
Check launcher:	C:\Users\Poluroslik M\AppData\Local\Python\pythoncore-3.14-64\Scripts\bin\javaw.exe (not found)
Check launcher:	D:\Users\Poluroslik M\AppData\Local\Programs\Microsoft VS Code\bin\javaw.exe (not found)
Check launcher:	C:\Program Files\Java\jre-1.8\bin\javaw.exe (OK)
Version string: 1.008.000_401 / 64-Bit (Ignore)
64-bit search:	SOFTWARE\JavaSoft\Java Runtime Environment...
Check:		SOFTWARE\JavaSoft\Java Runtime Environment\1.8
Version string: 1.008.000 / 64-Bit (Ignore)
Ignore:		1.008.000
Check:		SOFTWARE\JavaSoft\Java Runtime Environment\1.8.0_401
Version string: 1.008.000_401 / 64-Bit (Ignore)
Ignore:		1.008.000_401
64-bit search:	SOFTWARE\JavaSoft\Java Development Kit...
64-bit search:	SOFTWARE\JavaSoft\JRE...
64-bit search:	SOFTWARE\JavaSoft\JDK...
Check:		SOFTWARE\JavaSoft\JDK\25.0.1
Version string: 1.025.000_001 / 64-Bit (OK)
Check launcher:	C:\Program Files\Java\jdk-25\bin\javaw.exe (OK)
Match:		1.025.000_001
Runtime used:	1.025.000_001 (64-bit)
Launcher:	C:\Program Files\Java\jdk-25\bin\javaw.exe
Launcher args:	-jar "C:\Users\Poluroslik M\IdeaProjects\JAVA_lab4b\out\artifacts\JAVA_lab4b_jar\window.exe"
Args length:	92/32768 chars
Exit code:	0
